<?xml version="1.0" encoding="UTF-8"?>
<!-- Generated by org.testng.reporters.JUnitXMLReporter -->
<testsuite hostname="DESKTOP-RGTV5TM" ignored="1" name="Default test" tests="1" failures="0" timestamp="2020-05-28T11:39:52 IST" time="10.592" errors="0">
  <testcase name="checkBoxTestCase" time="0.454" classname="com.qa.elementstestcases.TestCases_T01"/>
  <testcase name="textBoxTestCase" time="0.0" classname="com.qa.elementstestcases.TestCases_T01">
    <ignored/>
  </testcase> <!-- textBoxTestCase -->
</testsuite> <!-- Default test -->
