<?xml version="1.0" encoding="UTF-8"?>
<!-- Generated by org.testng.reporters.JUnitXMLReporter -->
<testsuite hostname="DESKTOP-RGTV5TM" ignored="1" name="Test" tests="3" failures="0" timestamp="18 Mar 2020 13:01:11 GMT" time="64.864" errors="0">
  <testcase name="LoginInEclipseMarket" time="11.112" classname="com.qa.testcases.EclipseTestCase"/>
  <testcase name="validatePage" time="0.076" classname="com.qa.testcases.EclipseTestCase"/>
  <testcase name="getSeleniumWebdriver" time="5.071" classname="com.qa.testcases.SeleniumTestCase"/>
  <testcase name="gettraininfo" time="0.0" classname="com.qa.testcases.SeleniumTestCase">
    <ignored/>
  </testcase> <!-- gettraininfo -->
</testsuite> <!-- Test -->
