<?xml version="1.0" encoding="UTF-8"?>
<!-- Generated by org.testng.reporters.JUnitXMLReporter -->
<testsuite hostname="DESKTOP-RGTV5TM" ignored="1" name="Command line test" tests="3" failures="0" timestamp="26 May 2020 16:28:51 GMT" time="0.161" errors="0">
  <testcase name="@BeforeMethod setup" time="0.032" classname="com.qa.testcases.EclipseTestCase">
    <failure type="java.lang.NullPointerException">
      <![CDATA[java.lang.NullPointerException
	at com.qa.base.TestBase.initialization(TestBase.java:41)
	at com.qa.testcases.EclipseTestCase.setup(EclipseTestCase.java:24)
... Removed 37 stack frames]]>
    </failure>
  </testcase> <!-- @BeforeMethod setup -->
  <testcase name="@BeforeMethod setup" time="0.0" classname="com.qa.testcases.EclipseTestCase">
    <skipped/>
  </testcase> <!-- @BeforeMethod setup -->
  <testcase name="@BeforeMethod setup" time="0.001" classname="com.qa.testcases.SeleniumTestCase">
    <failure type="java.lang.NullPointerException">
      <![CDATA[java.lang.NullPointerException
	at com.qa.base.TestBase.initialization(TestBase.java:41)
	at com.qa.testcases.SeleniumTestCase.setup(SeleniumTestCase.java:23)
... Removed 37 stack frames]]>
    </failure>
  </testcase> <!-- @BeforeMethod setup -->
  <testcase name="LoginInEclipseMarket" time="0.009" classname="com.qa.testcases.EclipseTestCase">
    <skipped/>
  </testcase> <!-- LoginInEclipseMarket -->
  <testcase name="validatePage" time="0.0" classname="com.qa.testcases.EclipseTestCase">
    <skipped/>
  </testcase> <!-- validatePage -->
  <testcase name="getSeleniumWebdriver" time="0.0" classname="com.qa.testcases.SeleniumTestCase">
    <skipped/>
  </testcase> <!-- getSeleniumWebdriver -->
  <testcase name="gettraininfo" time="0.0" classname="com.qa.testcases.SeleniumTestCase">
    <ignored/>
  </testcase> <!-- gettraininfo -->
</testsuite> <!-- Command line test -->
