<?xml version="1.0" encoding="UTF-8" ?>
<testsuite tests="6" failures="2" name="TestSuite" time="9.532" errors="0" skipped="4">
  <properties>
[...]
</properties>
  <testcase classname="com.qa.testcases.EclipseTestCase" name="setup" time="1.576">
    <failure type="java.lang.NullPointerException">java.lang.NullPointerException
	at com.qa.base.TestBase.initialization(TestBase.java:41)
	at com.qa.testcases.EclipseTestCase.setup(EclipseTestCase.java:24)
</failure>
    <system-out>Configuring TestNG with: org.apache.maven.surefire.testng.conf.TestNG652Configurator@41a4555e
</system-out>
    <system-err>java.io.FileNotFoundException: F:\CDATA\workspace\DemoProjectGilead\src\main\java\com\qa\config\config.properties (The system cannot find the path specified)
	at java.io.FileInputStream.open0(Native Method)
	at java.io.FileInputStream.open(FileInputStream.java:195)
	at java.io.FileInputStream.&lt;init&gt;(FileInputStream.java:138)
	at java.io.FileInputStream.&lt;init&gt;(FileInputStream.java:93)
	at com.qa.base.TestBase.&lt;init&gt;(TestBase.java:27)
	at com.qa.testcases.EclipseTestCase.&lt;init&gt;(EclipseTestCase.java:18)
	at sun.reflect.NativeConstructorAccessorImpl.newInstance0(Native Method)
	at sun.reflect.NativeConstructorAccessorImpl.newInstance(NativeConstructorAccessorImpl.java:62)
	at sun.reflect.DelegatingConstructorAccessorImpl.newInstance(DelegatingConstructorAccessorImpl.java:45)
	at java.lang.reflect.Constructor.newInstance(Constructor.java:423)
	at org.testng.internal.ObjectFactoryImpl.newInstance(ObjectFactoryImpl.java:23)
	at org.testng.internal.ClassHelper.createInstance1(ClassHelper.java:410)
	at org.testng.internal.ClassHelper.createInstance(ClassHelper.java:323)
	at org.testng.internal.ClassImpl.getDefaultInstance(ClassImpl.java:126)
	at org.testng.internal.ClassImpl.getInstances(ClassImpl.java:191)
	at org.testng.TestClass.getInstances(TestClass.java:99)
	at org.testng.TestClass.initTestClassesAndInstances(TestClass.java:85)
	at org.testng.TestClass.init(TestClass.java:77)
	at org.testng.TestClass.&lt;init&gt;(TestClass.java:42)
	at org.testng.TestRunner.initMethods(TestRunner.java:423)
	at org.testng.TestRunner.init(TestRunner.java:250)
	at org.testng.TestRunner.init(TestRunner.java:220)
	at org.testng.TestRunner.&lt;init&gt;(TestRunner.java:161)
	at org.testng.SuiteRunner$DefaultTestRunnerFactory.newTestRunner(SuiteRunner.java:578)
	at org.testng.SuiteRunner.init(SuiteRunner.java:185)
	at org.testng.SuiteRunner.&lt;init&gt;(SuiteRunner.java:131)
	at org.testng.TestNG.createSuiteRunner(TestNG.java:1383)
	at org.testng.TestNG.createSuiteRunners(TestNG.java:1363)
	at org.testng.TestNG.runSuitesLocally(TestNG.java:1217)
	at org.testng.TestNG.runSuites(TestNG.java:1144)
	at org.testng.TestNG.run(TestNG.java:1115)
	at org.apache.maven.surefire.testng.TestNGExecutor.run(TestNGExecutor.java:77)
	at org.apache.maven.surefire.testng.TestNGDirectoryTestSuite.executeMulti(TestNGDirectoryTestSuite.java:159)
	at org.apache.maven.surefire.testng.TestNGDirectoryTestSuite.execute(TestNGDirectoryTestSuite.java:99)
	at org.apache.maven.surefire.testng.TestNGProvider.invoke(TestNGProvider.java:106)
	at sun.reflect.NativeMethodAccessorImpl.invoke0(Native Method)
	at sun.reflect.NativeMethodAccessorImpl.invoke(NativeMethodAccessorImpl.java:62)
	at sun.reflect.DelegatingMethodAccessorImpl.invoke(DelegatingMethodAccessorImpl.java:43)
	at java.lang.reflect.Method.invoke(Method.java:498)
	at org.apache.maven.surefire.util.ReflectionUtils.invokeMethodWithArray(ReflectionUtils.java:189)
	at org.apache.maven.surefire.booter.ProviderFactory$ProviderProxy.invoke(ProviderFactory.java:165)
	at org.apache.maven.surefire.booter.ProviderFactory.invokeProvider(ProviderFactory.java:85)
	at org.apache.maven.surefire.booter.ForkedBooter.runSuitesInProcess(ForkedBooter.java:115)
	at org.apache.maven.surefire.booter.ForkedBooter.main(ForkedBooter.java:75)
java.io.FileNotFoundException: F:\CDATA\workspace\DemoProjectGilead\src\main\java\com\qa\config\config.properties (The system cannot find the path specified)
	at java.io.FileInputStream.open0(Native Method)
	at java.io.FileInputStream.open(FileInputStream.java:195)
	at java.io.FileInputStream.&lt;init&gt;(FileInputStream.java:138)
	at java.io.FileInputStream.&lt;init&gt;(FileInputStream.java:93)
	at com.qa.base.TestBase.&lt;init&gt;(TestBase.java:27)
	at com.qa.testcases.SeleniumTestCase.&lt;init&gt;(SeleniumTestCase.java:18)
	at sun.reflect.NativeConstructorAccessorImpl.newInstance0(Native Method)
	at sun.reflect.NativeConstructorAccessorImpl.newInstance(NativeConstructorAccessorImpl.java:62)
	at sun.reflect.DelegatingConstructorAccessorImpl.newInstance(DelegatingConstructorAccessorImpl.java:45)
	at java.lang.reflect.Constructor.newInstance(Constructor.java:423)
	at org.testng.internal.ObjectFactoryImpl.newInstance(ObjectFactoryImpl.java:23)
	at org.testng.internal.ClassHelper.createInstance1(ClassHelper.java:410)
	at org.testng.internal.ClassHelper.createInstance(ClassHelper.java:323)
	at org.testng.internal.ClassImpl.getDefaultInstance(ClassImpl.java:126)
	at org.testng.internal.ClassImpl.getInstances(ClassImpl.java:191)
	at org.testng.TestClass.getInstances(TestClass.java:99)
	at org.testng.TestClass.initTestClassesAndInstances(TestClass.java:85)
	at org.testng.TestClass.init(TestClass.java:77)
	at org.testng.TestClass.&lt;init&gt;(TestClass.java:42)
	at org.testng.TestRunner.initMethods(TestRunner.java:423)
	at org.testng.TestRunner.init(TestRunner.java:250)
	at org.testng.TestRunner.init(TestRunner.java:220)
	at org.testng.TestRunner.&lt;init&gt;(TestRunner.java:161)
	at org.testng.SuiteRunner$DefaultTestRunnerFactory.newTestRunner(SuiteRunner.java:578)
	at org.testng.SuiteRunner.init(SuiteRunner.java:185)
	at org.testng.SuiteRunner.&lt;init&gt;(SuiteRunner.java:131)
	at org.testng.TestNG.createSuiteRunner(TestNG.java:1383)
	at org.testng.TestNG.createSuiteRunners(TestNG.java:1363)
	at org.testng.TestNG.runSuitesLocally(TestNG.java:1217)
	at org.testng.TestNG.runSuites(TestNG.java:1144)
	at org.testng.TestNG.run(TestNG.java:1115)
	at org.apache.maven.surefire.testng.TestNGExecutor.run(TestNGExecutor.java:77)
	at org.apache.maven.surefire.testng.TestNGDirectoryTestSuite.executeMulti(TestNGDirectoryTestSuite.java:159)
	at org.apache.maven.surefire.testng.TestNGDirectoryTestSuite.execute(TestNGDirectoryTestSuite.java:99)
	at org.apache.maven.surefire.testng.TestNGProvider.invoke(TestNGProvider.java:106)
	at sun.reflect.NativeMethodAccessorImpl.invoke0(Native Method)
	at sun.reflect.NativeMethodAccessorImpl.invoke(NativeMethodAccessorImpl.java:62)
	at sun.reflect.DelegatingMethodAccessorImpl.invoke(DelegatingMethodAccessorImpl.java:43)
	at java.lang.reflect.Method.invoke(Method.java:498)
	at org.apache.maven.surefire.util.ReflectionUtils.invokeMethodWithArray(ReflectionUtils.java:189)
	at org.apache.maven.surefire.booter.ProviderFactory$ProviderProxy.invoke(ProviderFactory.java:165)
	at org.apache.maven.surefire.booter.ProviderFactory.invokeProvider(ProviderFactory.java:85)
	at org.apache.maven.surefire.booter.ForkedBooter.runSuitesInProcess(ForkedBooter.java:115)
	at org.apache.maven.surefire.booter.ForkedBooter.main(ForkedBooter.java:75)
</system-err>
  </testcase>
  <testcase classname="com.qa.testcases.EclipseTestCase" name="LoginInEclipseMarket" time="1.58">
    <skipped/>
  </testcase>
  <testcase classname="com.qa.testcases.EclipseTestCase" name="setup" time="1.582">
    <skipped/>
  </testcase>
  <testcase classname="com.qa.testcases.EclipseTestCase" name="validatePage" time="1.582">
    <skipped/>
  </testcase>
  <testcase classname="com.qa.testcases.SeleniumTestCase" name="setup" time="1.606">
    <failure type="java.lang.NullPointerException">java.lang.NullPointerException
	at com.qa.base.TestBase.initialization(TestBase.java:41)
	at com.qa.testcases.SeleniumTestCase.setup(SeleniumTestCase.java:23)
</failure>
  </testcase>
  <testcase classname="com.qa.testcases.SeleniumTestCase" name="getSeleniumWebdriver" time="1.606">
    <skipped/>
  </testcase>
</testsuite>