<?xml version="1.0" encoding="UTF-8"?>
<testng-results skipped="0" failed="0" ignored="0" total="1" passed="1">
  <reporter-output>
  </reporter-output>
  <suite name="Default suite" duration-ms="16275" started-at="2020-05-27T16:48:28 IST" finished-at="2020-05-27T16:48:44 IST">
    <groups>
    </groups>
    <test name="Default test" duration-ms="16275" started-at="2020-05-27T16:48:28 IST" finished-at="2020-05-27T16:48:44 IST">
      <class name="com.qa.elementstestcases.TestCases_T01">
        <test-method status="PASS" signature="setup()[pri:0, instance:com.qa.elementstestcases.TestCases_T01@5a8806ef]" name="setup" is-config="true" duration-ms="14156" started-at="2020-05-27T16:48:28 IST" finished-at="2020-05-27T16:48:42 IST">
          <reporter-output>
          </reporter-output>
        </test-method> <!-- setup -->
        <test-method status="PASS" signature="textBoxTestCase()[pri:0, instance:com.qa.elementstestcases.TestCases_T01@5a8806ef]" name="textBoxTestCase" duration-ms="2020" started-at="2020-05-27T16:48:42 IST" finished-at="2020-05-27T16:48:44 IST">
          <reporter-output>
          </reporter-output>
        </test-method> <!-- textBoxTestCase -->
      </class> <!-- com.qa.elementstestcases.TestCases_T01 -->
    </test> <!-- Default test -->
  </suite> <!-- Default suite -->
</testng-results>
