<?xml version="1.0" encoding="UTF-8"?>
<testng-results skipped="0" failed="0" ignored="1" total="2" passed="1">
  <reporter-output>
  </reporter-output>
  <suite name="Default suite" duration-ms="10592" started-at="2020-05-28T11:39:41 IST" finished-at="2020-05-28T11:39:52 IST">
    <groups>
    </groups>
    <test name="Default test" duration-ms="10592" started-at="2020-05-28T11:39:41 IST" finished-at="2020-05-28T11:39:52 IST">
      <class name="com.qa.elementstestcases.TestCases_T01">
        <test-method status="PASS" signature="setup()[pri:0, instance:com.qa.elementstestcases.TestCases_T01@5a8806ef]" name="setup" is-config="true" duration-ms="10017" started-at="2020-05-28T11:39:41 IST" finished-at="2020-05-28T11:39:51 IST">
          <reporter-output>
          </reporter-output>
        </test-method> <!-- setup -->
        <test-method status="PASS" signature="checkBoxTestCase()[pri:1, instance:com.qa.elementstestcases.TestCases_T01@5a8806ef]" name="checkBoxTestCase" duration-ms="454" started-at="2020-05-28T11:39:51 IST" finished-at="2020-05-28T11:39:52 IST">
          <reporter-output>
          </reporter-output>
        </test-method> <!-- checkBoxTestCase -->
      </class> <!-- com.qa.elementstestcases.TestCases_T01 -->
    </test> <!-- Default test -->
  </suite> <!-- Default suite -->
</testng-results>
